The system is: Darwin - 18.7.0 - x86_64
Compiling the Fortran compiler identification source file "CMakeFortranCompilerId.F" succeeded.
Compiler: /usr/local/bin/mpif90 
Build flags: 
Id flags: -v 

The output was:
0
Driving: /usr/local/bin/gfortran -v CMakeFortranCompilerId.F -I/usr/local/Cellar/open-mpi/4.0.1_1/include -Wl,-flat_namespace -Wl,-commons,use_dylibs -I/usr/local/Cellar/open-mpi/4.0.1_1/lib -L/usr/local/opt/libevent/lib -L/usr/local/Cellar/open-mpi/4.0.1_1/lib -lmpi_usempif08 -lmpi_usempi_ignore_tkr -lmpi_mpifh -lmpi -mmacosx-version-min=10.14.0 -asm_macosx_version_min=10.14 -l gfortran -shared-libgcc
Using built-in specs.
COLLECT_GCC=/usr/local/bin/gfortran
COLLECT_LTO_WRAPPER=/usr/local/Cellar/gcc/9.1.0/libexec/gcc/x86_64-apple-darwin18/9.1.0/lto-wrapper
Target: x86_64-apple-darwin18
Configured with: ../configure --build=x86_64-apple-darwin18 --prefix=/usr/local/Cellar/gcc/9.1.0 --libdir=/usr/local/Cellar/gcc/9.1.0/lib/gcc/9 --disable-nls --enable-checking=release --enable-languages=c,c++,objc,obj-c++,fortran --program-suffix=-9 --with-gmp=/usr/local/opt/gmp --with-mpfr=/usr/local/opt/mpfr --with-mpc=/usr/local/opt/libmpc --with-isl=/usr/local/opt/isl --with-system-zlib --with-pkgversion='Homebrew GCC 9.1.0' --with-bugurl=https://github.com/Homebrew/homebrew-core/issues --disable-multilib --with-native-system-header-dir=/usr/include --with-sysroot=/Library/Developer/CommandLineTools/SDKs/MacOSX.sdk
Thread model: posix
gcc version 9.1.0 (Homebrew GCC 9.1.0) 
COLLECT_GCC_OPTIONS='-v' '-I' '/usr/local/Cellar/open-mpi/4.0.1_1/include' '-I' '/usr/local/Cellar/open-mpi/4.0.1_1/lib' '-L/usr/local/opt/libevent/lib' '-L/usr/local/Cellar/open-mpi/4.0.1_1/lib' '-mmacosx-version-min=10.14.0' '-asm_macosx_version_min=10.14' '-shared-libgcc' '-mtune=core2'
 /usr/local/Cellar/gcc/9.1.0/libexec/gcc/x86_64-apple-darwin18/9.1.0/f951 CMakeFortranCompilerId.F -ffixed-form -cpp=/var/folders/wt/69bmk6rj53s3hd8d2vdd80jc0000gn/T//ccXIKQ55.f90 -quiet -v -I /usr/local/Cellar/open-mpi/4.0.1_1/include -I /usr/local/Cellar/open-mpi/4.0.1_1/lib -D__DYNAMIC__ CMakeFortranCompilerId.F -fPIC -quiet -dumpbase CMakeFortranCompilerId.F -mmacosx-version-min=10.14.0 -mtune=core2 -auxbase CMakeFortranCompilerId -version -fintrinsic-modules-path /usr/local/Cellar/gcc/9.1.0/lib/gcc/9/gcc/x86_64-apple-darwin18/9.1.0/finclude -o /var/folders/wt/69bmk6rj53s3hd8d2vdd80jc0000gn/T//ccQTJl4w.s
GNU Fortran (Homebrew GCC 9.1.0) version 9.1.0 (x86_64-apple-darwin18)
	compiled by GNU C version 9.1.0, GMP version 6.1.2, MPFR version 4.0.2, MPC version 1.1.0, isl version isl-0.21-GMP

GGC heuristics: --param ggc-min-expand=100 --param ggc-min-heapsize=131072
ignoring nonexistent directory "/Library/Developer/CommandLineTools/SDKs/MacOSX.sdk/usr/local/include"
ignoring nonexistent directory "/usr/local/Cellar/gcc/9.1.0/lib/gcc/9/gcc/x86_64-apple-darwin18/9.1.0/../../../../../../x86_64-apple-darwin18/include"
#include "..." search starts here:
#include <...> search starts here:
 /usr/local/Cellar/open-mpi/4.0.1_1/include
 /usr/local/Cellar/open-mpi/4.0.1_1/lib
 /usr/local/Cellar/gcc/9.1.0/lib/gcc/9/gcc/x86_64-apple-darwin18/9.1.0/finclude
 /usr/local/Cellar/gcc/9.1.0/lib/gcc/9/gcc/x86_64-apple-darwin18/9.1.0/include
 /usr/local/Cellar/gcc/9.1.0/lib/gcc/9/gcc/x86_64-apple-darwin18/9.1.0/include-fixed
 /Library/Developer/CommandLineTools/SDKs/MacOSX.sdk/usr/include
End of search list.
GNU Fortran2008 (Homebrew GCC 9.1.0) version 9.1.0 (x86_64-apple-darwin18)
	compiled by GNU C version 9.1.0, GMP version 6.1.2, MPFR version 4.0.2, MPC version 1.1.0, isl version isl-0.21-GMP

GGC heuristics: --param ggc-min-expand=100 --param ggc-min-heapsize=131072
COLLECT_GCC_OPTIONS='-v' '-I' '/usr/local/Cellar/open-mpi/4.0.1_1/include' '-I' '/usr/local/Cellar/open-mpi/4.0.1_1/lib' '-L/usr/local/opt/libevent/lib' '-L/usr/local/Cellar/open-mpi/4.0.1_1/lib' '-mmacosx-version-min=10.14.0'  '-shared-libgcc' '-mtune=core2'
 as -arch x86_64 -v -I /usr/local/Cellar/open-mpi/4.0.1_1/include -I /usr/local/Cellar/open-mpi/4.0.1_1/lib -force_cpusubtype_ALL -mmacosx-version-min=10.14 -o /var/folders/wt/69bmk6rj53s3hd8d2vdd80jc0000gn/T//ccguYWYU.o /var/folders/wt/69bmk6rj53s3hd8d2vdd80jc0000gn/T//ccQTJl4w.s
Apple clang version 11.0.0 (clang-1100.0.33.8)
Target: x86_64-apple-darwin18.7.0
Thread model: posix
InstalledDir: /Applications/Xcode.app/Contents/Developer/Toolchains/XcodeDefault.xctoolchain/usr/bin
 "/Applications/Xcode.app/Contents/Developer/Toolchains/XcodeDefault.xctoolchain/usr/bin/clang" -cc1as -triple x86_64-apple-macosx10.14.0 -filetype obj -main-file-name ccQTJl4w.s -target-cpu penryn -I /usr/local/Cellar/open-mpi/4.0.1_1/include -I /usr/local/Cellar/open-mpi/4.0.1_1/lib -fdebug-compilation-dir /Users/amaricci/Dropbox/projects_src/CDMFT_LANC_ED/build/CMakeFiles/3.14.5/CompilerIdFortran -dwarf-debug-producer Apple clang version 11.0.0 (clang-1100.0.33.8) -I /usr/local/Cellar/open-mpi/4.0.1_1/include -I /usr/local/Cellar/open-mpi/4.0.1_1/lib -dwarf-version=4 -mrelocation-model pic -o /var/folders/wt/69bmk6rj53s3hd8d2vdd80jc0000gn/T//ccguYWYU.o /var/folders/wt/69bmk6rj53s3hd8d2vdd80jc0000gn/T//ccQTJl4w.s
Reading specs from /usr/local/Cellar/gcc/9.1.0/lib/gcc/9/gcc/x86_64-apple-darwin18/9.1.0/../../../libgfortran.spec
rename spec lib to liborig
COLLECT_GCC_OPTIONS='-v' '-I' '/usr/local/Cellar/open-mpi/4.0.1_1/include' '-I' '/usr/local/Cellar/open-mpi/4.0.1_1/lib' '-L/usr/local/opt/libevent/lib' '-L/usr/local/Cellar/open-mpi/4.0.1_1/lib' '-mmacosx-version-min=10.14.0'  '-shared-libgcc' '-mtune=core2'
COMPILER_PATH=/usr/local/Cellar/gcc/9.1.0/libexec/gcc/x86_64-apple-darwin18/9.1.0/:/usr/local/Cellar/gcc/9.1.0/libexec/gcc/x86_64-apple-darwin18/9.1.0/:/usr/local/Cellar/gcc/9.1.0/libexec/gcc/x86_64-apple-darwin18/:/usr/local/Cellar/gcc/9.1.0/lib/gcc/9/gcc/x86_64-apple-darwin18/9.1.0/:/usr/local/Cellar/gcc/9.1.0/lib/gcc/9/gcc/x86_64-apple-darwin18/
LIBRARY_PATH=/Users/amaricci/opt/dmft_tools/gnu/lib/:/Users/amaricci/opt/scifor/gnu/lib/:/usr/local/Cellar/gcc/9.1.0/lib/gcc/9/gcc/x86_64-apple-darwin18/9.1.0/:/usr/local/Cellar/gcc/9.1.0/lib/gcc/9/gcc/x86_64-apple-darwin18/9.1.0/../../../
COLLECT_GCC_OPTIONS='-v' '-I' '/usr/local/Cellar/open-mpi/4.0.1_1/include' '-I' '/usr/local/Cellar/open-mpi/4.0.1_1/lib' '-L/usr/local/opt/libevent/lib' '-L/usr/local/Cellar/open-mpi/4.0.1_1/lib' '-mmacosx-version-min=10.14.0'  '-shared-libgcc' '-mtune=core2'
 /usr/local/Cellar/gcc/9.1.0/libexec/gcc/x86_64-apple-darwin18/9.1.0/collect2 -syslibroot /Library/Developer/CommandLineTools/SDKs/MacOSX.sdk/ -dynamic -arch x86_64 -macosx_version_min 10.14.0 -weak_reference_mismatches non-weak -o a.out -L/usr/local/opt/libevent/lib -L/usr/local/Cellar/open-mpi/4.0.1_1/lib -L/Users/amaricci/opt/dmft_tools/gnu/lib -L/Users/amaricci/opt/scifor/gnu/lib -L/usr/local/Cellar/gcc/9.1.0/lib/gcc/9/gcc/x86_64-apple-darwin18/9.1.0 -L/usr/local/Cellar/gcc/9.1.0/lib/gcc/9/gcc/x86_64-apple-darwin18/9.1.0/../../.. /var/folders/wt/69bmk6rj53s3hd8d2vdd80jc0000gn/T//ccguYWYU.o -flat_namespace -commons use_dylibs -lmpi_usempif08 -lmpi_usempi_ignore_tkr -lmpi_mpifh -lmpi -lgfortran -no_compact_unwind -lSystem -lgcc_ext.10.5 -lgcc -lquadmath -lm -lgcc_ext.10.5 -lgcc -lSystem -v
collect2 version 9.1.0
/usr/bin/ld -syslibroot /Library/Developer/CommandLineTools/SDKs/MacOSX.sdk/ -dynamic -arch x86_64 -macosx_version_min 10.14.0 -weak_reference_mismatches non-weak -o a.out -L/usr/local/opt/libevent/lib -L/usr/local/Cellar/open-mpi/4.0.1_1/lib -L/Users/amaricci/opt/dmft_tools/gnu/lib -L/Users/amaricci/opt/scifor/gnu/lib -L/usr/local/Cellar/gcc/9.1.0/lib/gcc/9/gcc/x86_64-apple-darwin18/9.1.0 -L/usr/local/Cellar/gcc/9.1.0/lib/gcc/9/gcc/x86_64-apple-darwin18/9.1.0/../../.. /var/folders/wt/69bmk6rj53s3hd8d2vdd80jc0000gn/T//ccguYWYU.o -flat_namespace -commons use_dylibs -lmpi_usempif08 -lmpi_usempi_ignore_tkr -lmpi_mpifh -lmpi -lgfortran -no_compact_unwind -lSystem -lgcc_ext.10.5 -lgcc -lquadmath -lm -lgcc_ext.10.5 -lgcc -lSystem -v
@(#)PROGRAM:ld  PROJECT:ld64-512.4
BUILD 05:06:53 Aug 16 2019
configured to support archs: armv6 armv7 armv7s arm64 arm64e arm64_32 i386 x86_64 x86_64h armv6m armv7k armv7m armv7em
Library search paths:
	/usr/local/opt/libevent/lib
	/usr/local/Cellar/open-mpi/4.0.1_1/lib
	/Users/amaricci/opt/dmft_tools/gnu/lib
	/Users/amaricci/opt/scifor/gnu/lib
	/usr/local/Cellar/gcc/9.1.0/lib/gcc/9/gcc/x86_64-apple-darwin18/9.1.0
	/usr/local/Cellar/gcc/9.1.0/lib/gcc/9
	/Library/Developer/CommandLineTools/SDKs/MacOSX.sdk/usr/lib
Framework search paths:
	/Library/Developer/CommandLineTools/SDKs/MacOSX.sdk/System/Library/Frameworks/


Compilation of the Fortran compiler identification source "CMakeFortranCompilerId.F" produced "a.out"

The Fortran compiler identification is GNU, found in "/Users/amaricci/projects_src/CDMFT_LANC_ED/build/CMakeFiles/3.14.5/CompilerIdFortran/a.out"

Determining if the Fortran compiler works passed with the following output:
Change Dir: /Users/amaricci/projects_src/CDMFT_LANC_ED/build/CMakeFiles/CMakeTmp

Run Build Command(s):/usr/local/bin/gmake cmTC_18e00/fast 
/usr/local/bin/gmake -f CMakeFiles/cmTC_18e00.dir/build.make CMakeFiles/cmTC_18e00.dir/build
gmake[1]: Entering directory '/Users/amaricci/Dropbox/projects_src/CDMFT_LANC_ED/build/CMakeFiles/CMakeTmp'
Building Fortran object CMakeFiles/cmTC_18e00.dir/testFortranCompiler.f.o
/usr/local/bin/mpif90   -isysroot /Applications/Xcode.app/Contents/Developer/Platforms/MacOSX.platform/Developer/SDKs/MacOSX10.15.sdk -mmacosx-version-min=10.14   -c /Users/amaricci/projects_src/CDMFT_LANC_ED/build/CMakeFiles/CMakeTmp/testFortranCompiler.f -o CMakeFiles/cmTC_18e00.dir/testFortranCompiler.f.o
Linking Fortran executable cmTC_18e00
/usr/local/Cellar/cmake/3.14.5/bin/cmake -E cmake_link_script CMakeFiles/cmTC_18e00.dir/link.txt --verbose=1
/usr/local/bin/mpif90      -isysroot /Applications/Xcode.app/Contents/Developer/Platforms/MacOSX.platform/Developer/SDKs/MacOSX10.15.sdk -mmacosx-version-min=10.14 CMakeFiles/cmTC_18e00.dir/testFortranCompiler.f.o  -o cmTC_18e00 
gmake[1]: Leaving directory '/Users/amaricci/Dropbox/projects_src/CDMFT_LANC_ED/build/CMakeFiles/CMakeTmp'


Detecting Fortran compiler ABI info compiled with the following output:
Change Dir: /Users/amaricci/projects_src/CDMFT_LANC_ED/build/CMakeFiles/CMakeTmp

Run Build Command(s):/usr/local/bin/gmake cmTC_44b35/fast 
/usr/local/bin/gmake -f CMakeFiles/cmTC_44b35.dir/build.make CMakeFiles/cmTC_44b35.dir/build
gmake[1]: Entering directory '/Users/amaricci/Dropbox/projects_src/CDMFT_LANC_ED/build/CMakeFiles/CMakeTmp'
Building Fortran object CMakeFiles/cmTC_44b35.dir/CMakeFortranCompilerABI.F.o
/usr/local/bin/mpif90   -isysroot /Applications/Xcode.app/Contents/Developer/Platforms/MacOSX.platform/Developer/SDKs/MacOSX10.15.sdk -mmacosx-version-min=10.14   -v -Wl,-v -c /usr/local/Cellar/cmake/3.14.5/share/cmake/Modules/CMakeFortranCompilerABI.F -o CMakeFiles/cmTC_44b35.dir/CMakeFortranCompilerABI.F.o
Using built-in specs.
COLLECT_GCC=/usr/local/bin/gfortran
Target: x86_64-apple-darwin18
Configured with: ../configure --build=x86_64-apple-darwin18 --prefix=/usr/local/Cellar/gcc/9.1.0 --libdir=/usr/local/Cellar/gcc/9.1.0/lib/gcc/9 --disable-nls --enable-checking=release --enable-languages=c,c++,objc,obj-c++,fortran --program-suffix=-9 --with-gmp=/usr/local/opt/gmp --with-mpfr=/usr/local/opt/mpfr --with-mpc=/usr/local/opt/libmpc --with-isl=/usr/local/opt/isl --with-system-zlib --with-pkgversion='Homebrew GCC 9.1.0' --with-bugurl=https://github.com/Homebrew/homebrew-core/issues --disable-multilib --with-native-system-header-dir=/usr/include --with-sysroot=/Library/Developer/CommandLineTools/SDKs/MacOSX.sdk
Thread model: posix
gcc version 9.1.0 (Homebrew GCC 9.1.0) 
COLLECT_GCC_OPTIONS='-isysroot' '/Applications/Xcode.app/Contents/Developer/Platforms/MacOSX.platform/Developer/SDKs/MacOSX10.15.sdk' '-mmacosx-version-min=10.14' '-v' '-c' '-o' 'CMakeFiles/cmTC_44b35.dir/CMakeFortranCompilerABI.F.o' '-I' '/usr/local/Cellar/open-mpi/4.0.1_1/include' '-I' '/usr/local/Cellar/open-mpi/4.0.1_1/lib' '-asm_macosx_version_min=10.14' '-mtune=core2'
 /usr/local/Cellar/gcc/9.1.0/libexec/gcc/x86_64-apple-darwin18/9.1.0/f951 /usr/local/Cellar/cmake/3.14.5/share/cmake/Modules/CMakeFortranCompilerABI.F -ffixed-form -cpp=/var/folders/wt/69bmk6rj53s3hd8d2vdd80jc0000gn/T//ccuByi92.f90 -quiet -v -I /usr/local/Cellar/open-mpi/4.0.1_1/include -I /usr/local/Cellar/open-mpi/4.0.1_1/lib -D__DYNAMIC__ -isysroot /Applications/Xcode.app/Contents/Developer/Platforms/MacOSX.platform/Developer/SDKs/MacOSX10.15.sdk /usr/local/Cellar/cmake/3.14.5/share/cmake/Modules/CMakeFortranCompilerABI.F -fPIC -quiet -dumpbase CMakeFortranCompilerABI.F -mmacosx-version-min=10.14 -mtune=core2 -auxbase-strip CMakeFiles/cmTC_44b35.dir/CMakeFortranCompilerABI.F.o -version -fintrinsic-modules-path /usr/local/Cellar/gcc/9.1.0/lib/gcc/9/gcc/x86_64-apple-darwin18/9.1.0/finclude -o /var/folders/wt/69bmk6rj53s3hd8d2vdd80jc0000gn/T//ccf543tx.s
GNU Fortran (Homebrew GCC 9.1.0) version 9.1.0 (x86_64-apple-darwin18)
	compiled by GNU C version 9.1.0, GMP version 6.1.2, MPFR version 4.0.2, MPC version 1.1.0, isl version isl-0.21-GMP

GGC heuristics: --param ggc-min-expand=100 --param ggc-min-heapsize=131072
ignoring nonexistent directory "/Applications/Xcode.app/Contents/Developer/Platforms/MacOSX.platform/Developer/SDKs/MacOSX10.15.sdk/usr/local/include"
ignoring nonexistent directory "/usr/local/Cellar/gcc/9.1.0/lib/gcc/9/gcc/x86_64-apple-darwin18/9.1.0/../../../../../../x86_64-apple-darwin18/include"
#include "..." search starts here:
#include <...> search starts here:
 /usr/local/Cellar/open-mpi/4.0.1_1/include
 /usr/local/Cellar/open-mpi/4.0.1_1/lib
 /usr/local/Cellar/gcc/9.1.0/lib/gcc/9/gcc/x86_64-apple-darwin18/9.1.0/finclude
 /usr/local/Cellar/gcc/9.1.0/lib/gcc/9/gcc/x86_64-apple-darwin18/9.1.0/include
 /usr/local/Cellar/gcc/9.1.0/lib/gcc/9/gcc/x86_64-apple-darwin18/9.1.0/include-fixed
 /Applications/Xcode.app/Contents/Developer/Platforms/MacOSX.platform/Developer/SDKs/MacOSX10.15.sdk/usr/include
End of search list.
GNU Fortran2008 (Homebrew GCC 9.1.0) version 9.1.0 (x86_64-apple-darwin18)
	compiled by GNU C version 9.1.0, GMP version 6.1.2, MPFR version 4.0.2, MPC version 1.1.0, isl version isl-0.21-GMP

GGC heuristics: --param ggc-min-expand=100 --param ggc-min-heapsize=131072
COLLECT_GCC_OPTIONS='-isysroot' '/Applications/Xcode.app/Contents/Developer/Platforms/MacOSX.platform/Developer/SDKs/MacOSX10.15.sdk' '-mmacosx-version-min=10.14' '-v' '-c' '-o' 'CMakeFiles/cmTC_44b35.dir/CMakeFortranCompilerABI.F.o' '-I' '/usr/local/Cellar/open-mpi/4.0.1_1/include' '-I' '/usr/local/Cellar/open-mpi/4.0.1_1/lib'  '-mtune=core2'
 as -arch x86_64 -v -I /usr/local/Cellar/open-mpi/4.0.1_1/include -I /usr/local/Cellar/open-mpi/4.0.1_1/lib -force_cpusubtype_ALL -mmacosx-version-min=10.14 -o CMakeFiles/cmTC_44b35.dir/CMakeFortranCompilerABI.F.o /var/folders/wt/69bmk6rj53s3hd8d2vdd80jc0000gn/T//ccf543tx.s
Apple clang version 11.0.0 (clang-1100.0.33.8)
Target: x86_64-apple-darwin18.7.0
Thread model: posix
InstalledDir: /Applications/Xcode.app/Contents/Developer/Toolchains/XcodeDefault.xctoolchain/usr/bin
 "/Applications/Xcode.app/Contents/Developer/Toolchains/XcodeDefault.xctoolchain/usr/bin/clang" -cc1as -triple x86_64-apple-macosx10.14.0 -filetype obj -main-file-name ccf543tx.s -target-cpu penryn -I /usr/local/Cellar/open-mpi/4.0.1_1/include -I /usr/local/Cellar/open-mpi/4.0.1_1/lib -fdebug-compilation-dir /Users/amaricci/Dropbox/projects_src/CDMFT_LANC_ED/build/CMakeFiles/CMakeTmp -dwarf-debug-producer Apple clang version 11.0.0 (clang-1100.0.33.8) -I /usr/local/Cellar/open-mpi/4.0.1_1/include -I /usr/local/Cellar/open-mpi/4.0.1_1/lib -dwarf-version=4 -mrelocation-model pic -o CMakeFiles/cmTC_44b35.dir/CMakeFortranCompilerABI.F.o /var/folders/wt/69bmk6rj53s3hd8d2vdd80jc0000gn/T//ccf543tx.s
COMPILER_PATH=/usr/local/Cellar/gcc/9.1.0/libexec/gcc/x86_64-apple-darwin18/9.1.0/:/usr/local/Cellar/gcc/9.1.0/libexec/gcc/x86_64-apple-darwin18/9.1.0/:/usr/local/Cellar/gcc/9.1.0/libexec/gcc/x86_64-apple-darwin18/:/usr/local/Cellar/gcc/9.1.0/lib/gcc/9/gcc/x86_64-apple-darwin18/9.1.0/:/usr/local/Cellar/gcc/9.1.0/lib/gcc/9/gcc/x86_64-apple-darwin18/
LIBRARY_PATH=/Users/amaricci/opt/dmft_tools/gnu/lib/:/Users/amaricci/opt/scifor/gnu/lib/:/usr/local/Cellar/gcc/9.1.0/lib/gcc/9/gcc/x86_64-apple-darwin18/9.1.0/:/usr/local/Cellar/gcc/9.1.0/lib/gcc/9/gcc/x86_64-apple-darwin18/9.1.0/../../../
COLLECT_GCC_OPTIONS='-isysroot' '/Applications/Xcode.app/Contents/Developer/Platforms/MacOSX.platform/Developer/SDKs/MacOSX10.15.sdk' '-mmacosx-version-min=10.14' '-v' '-c' '-o' 'CMakeFiles/cmTC_44b35.dir/CMakeFortranCompilerABI.F.o' '-I' '/usr/local/Cellar/open-mpi/4.0.1_1/include' '-I' '/usr/local/Cellar/open-mpi/4.0.1_1/lib'  '-mtune=core2'
Linking Fortran executable cmTC_44b35
/usr/local/Cellar/cmake/3.14.5/bin/cmake -E cmake_link_script CMakeFiles/cmTC_44b35.dir/link.txt --verbose=1
/usr/local/bin/mpif90   -v -Wl,-v   -isysroot /Applications/Xcode.app/Contents/Developer/Platforms/MacOSX.platform/Developer/SDKs/MacOSX10.15.sdk -mmacosx-version-min=10.14 CMakeFiles/cmTC_44b35.dir/CMakeFortranCompilerABI.F.o  -o cmTC_44b35 
Driving: /usr/local/bin/gfortran -v -Wl,-v -isysroot /Applications/Xcode.app/Contents/Developer/Platforms/MacOSX.platform/Developer/SDKs/MacOSX10.15.sdk -mmacosx-version-min=10.14 CMakeFiles/cmTC_44b35.dir/CMakeFortranCompilerABI.F.o -o cmTC_44b35 -I/usr/local/Cellar/open-mpi/4.0.1_1/include -Wl,-flat_namespace -Wl,-commons,use_dylibs -I/usr/local/Cellar/open-mpi/4.0.1_1/lib -L/usr/local/opt/libevent/lib -L/usr/local/Cellar/open-mpi/4.0.1_1/lib -lmpi_usempif08 -lmpi_usempi_ignore_tkr -lmpi_mpifh -lmpi -asm_macosx_version_min=10.14 -l gfortran -shared-libgcc
Using built-in specs.
COLLECT_GCC=/usr/local/bin/gfortran
COLLECT_LTO_WRAPPER=/usr/local/Cellar/gcc/9.1.0/libexec/gcc/x86_64-apple-darwin18/9.1.0/lto-wrapper
Target: x86_64-apple-darwin18
Configured with: ../configure --build=x86_64-apple-darwin18 --prefix=/usr/local/Cellar/gcc/9.1.0 --libdir=/usr/local/Cellar/gcc/9.1.0/lib/gcc/9 --disable-nls --enable-checking=release --enable-languages=c,c++,objc,obj-c++,fortran --program-suffix=-9 --with-gmp=/usr/local/opt/gmp --with-mpfr=/usr/local/opt/mpfr --with-mpc=/usr/local/opt/libmpc --with-isl=/usr/local/opt/isl --with-system-zlib --with-pkgversion='Homebrew GCC 9.1.0' --with-bugurl=https://github.com/Homebrew/homebrew-core/issues --disable-multilib --with-native-system-header-dir=/usr/include --with-sysroot=/Library/Developer/CommandLineTools/SDKs/MacOSX.sdk
Thread model: posix
gcc version 9.1.0 (Homebrew GCC 9.1.0) 
Reading specs from /usr/local/Cellar/gcc/9.1.0/lib/gcc/9/gcc/x86_64-apple-darwin18/9.1.0/../../../libgfortran.spec
rename spec lib to liborig
COLLECT_GCC_OPTIONS='-v' '-isysroot' '/Applications/Xcode.app/Contents/Developer/Platforms/MacOSX.platform/Developer/SDKs/MacOSX10.15.sdk' '-mmacosx-version-min=10.14' '-o' 'cmTC_44b35' '-I' '/usr/local/Cellar/open-mpi/4.0.1_1/include' '-I' '/usr/local/Cellar/open-mpi/4.0.1_1/lib' '-L/usr/local/opt/libevent/lib' '-L/usr/local/Cellar/open-mpi/4.0.1_1/lib' '-asm_macosx_version_min=10.14' '-shared-libgcc' '-mtune=core2'
COMPILER_PATH=/usr/local/Cellar/gcc/9.1.0/libexec/gcc/x86_64-apple-darwin18/9.1.0/:/usr/local/Cellar/gcc/9.1.0/libexec/gcc/x86_64-apple-darwin18/9.1.0/:/usr/local/Cellar/gcc/9.1.0/libexec/gcc/x86_64-apple-darwin18/:/usr/local/Cellar/gcc/9.1.0/lib/gcc/9/gcc/x86_64-apple-darwin18/9.1.0/:/usr/local/Cellar/gcc/9.1.0/lib/gcc/9/gcc/x86_64-apple-darwin18/
LIBRARY_PATH=/Users/amaricci/opt/dmft_tools/gnu/lib/:/Users/amaricci/opt/scifor/gnu/lib/:/usr/local/Cellar/gcc/9.1.0/lib/gcc/9/gcc/x86_64-apple-darwin18/9.1.0/:/usr/local/Cellar/gcc/9.1.0/lib/gcc/9/gcc/x86_64-apple-darwin18/9.1.0/../../../
COLLECT_GCC_OPTIONS='-v' '-isysroot' '/Applications/Xcode.app/Contents/Developer/Platforms/MacOSX.platform/Developer/SDKs/MacOSX10.15.sdk' '-mmacosx-version-min=10.14' '-o' 'cmTC_44b35' '-I' '/usr/local/Cellar/open-mpi/4.0.1_1/include' '-I' '/usr/local/Cellar/open-mpi/4.0.1_1/lib' '-L/usr/local/opt/libevent/lib' '-L/usr/local/Cellar/open-mpi/4.0.1_1/lib' '-asm_macosx_version_min=10.14' '-shared-libgcc' '-mtune=core2'
 /usr/local/Cellar/gcc/9.1.0/libexec/gcc/x86_64-apple-darwin18/9.1.0/collect2 -dynamic -arch x86_64 -macosx_version_min 10.14 -syslibroot /Applications/Xcode.app/Contents/Developer/Platforms/MacOSX.platform/Developer/SDKs/MacOSX10.15.sdk -weak_reference_mismatches non-weak -o cmTC_44b35 -L/usr/local/opt/libevent/lib -L/usr/local/Cellar/open-mpi/4.0.1_1/lib -L/Users/amaricci/opt/dmft_tools/gnu/lib -L/Users/amaricci/opt/scifor/gnu/lib -L/usr/local/Cellar/gcc/9.1.0/lib/gcc/9/gcc/x86_64-apple-darwin18/9.1.0 -L/usr/local/Cellar/gcc/9.1.0/lib/gcc/9/gcc/x86_64-apple-darwin18/9.1.0/../../.. -v CMakeFiles/cmTC_44b35.dir/CMakeFortranCompilerABI.F.o -flat_namespace -commons use_dylibs -lmpi_usempif08 -lmpi_usempi_ignore_tkr -lmpi_mpifh -lmpi -lgfortran -no_compact_unwind -lSystem -lgcc_ext.10.5 -lgcc -lquadmath -lm -lgcc_ext.10.5 -lgcc -lSystem -v
collect2 version 9.1.0
/usr/bin/ld -dynamic -arch x86_64 -macosx_version_min 10.14 -syslibroot /Applications/Xcode.app/Contents/Developer/Platforms/MacOSX.platform/Developer/SDKs/MacOSX10.15.sdk -weak_reference_mismatches non-weak -o cmTC_44b35 -L/usr/local/opt/libevent/lib -L/usr/local/Cellar/open-mpi/4.0.1_1/lib -L/Users/amaricci/opt/dmft_tools/gnu/lib -L/Users/amaricci/opt/scifor/gnu/lib -L/usr/local/Cellar/gcc/9.1.0/lib/gcc/9/gcc/x86_64-apple-darwin18/9.1.0 -L/usr/local/Cellar/gcc/9.1.0/lib/gcc/9/gcc/x86_64-apple-darwin18/9.1.0/../../.. -v CMakeFiles/cmTC_44b35.dir/CMakeFortranCompilerABI.F.o -flat_namespace -commons use_dylibs -lmpi_usempif08 -lmpi_usempi_ignore_tkr -lmpi_mpifh -lmpi -lgfortran -no_compact_unwind -lSystem -lgcc_ext.10.5 -lgcc -lquadmath -lm -lgcc_ext.10.5 -lgcc -lSystem -v
@(#)PROGRAM:ld  PROJECT:ld64-512.4
BUILD 05:06:53 Aug 16 2019
configured to support archs: armv6 armv7 armv7s arm64 arm64e arm64_32 i386 x86_64 x86_64h armv6m armv7k armv7m armv7em
@(#)PROGRAM:ld  PROJECT:ld64-512.4
BUILD 05:06:53 Aug 16 2019
configured to support archs: armv6 armv7 armv7s arm64 arm64e arm64_32 i386 x86_64 x86_64h armv6m armv7k armv7m armv7em
Library search paths:
	/usr/local/opt/libevent/lib
	/usr/local/Cellar/open-mpi/4.0.1_1/lib
	/Users/amaricci/opt/dmft_tools/gnu/lib
	/Users/amaricci/opt/scifor/gnu/lib
	/usr/local/Cellar/gcc/9.1.0/lib/gcc/9/gcc/x86_64-apple-darwin18/9.1.0
	/usr/local/Cellar/gcc/9.1.0/lib/gcc/9
	/Applications/Xcode.app/Contents/Developer/Platforms/MacOSX.platform/Developer/SDKs/MacOSX10.15.sdk/usr/lib
Framework search paths:
	/Applications/Xcode.app/Contents/Developer/Platforms/MacOSX.platform/Developer/SDKs/MacOSX10.15.sdk/System/Library/Frameworks/
gmake[1]: Leaving directory '/Users/amaricci/Dropbox/projects_src/CDMFT_LANC_ED/build/CMakeFiles/CMakeTmp'


Parsed Fortran implicit include dir info from above output: rv=done
  found start of include info
  found start of implicit include info
    add: [/usr/local/Cellar/open-mpi/4.0.1_1/include]
    add: [/usr/local/Cellar/open-mpi/4.0.1_1/lib]
    add: [/usr/local/Cellar/gcc/9.1.0/lib/gcc/9/gcc/x86_64-apple-darwin18/9.1.0/finclude]
    add: [/usr/local/Cellar/gcc/9.1.0/lib/gcc/9/gcc/x86_64-apple-darwin18/9.1.0/include]
    add: [/usr/local/Cellar/gcc/9.1.0/lib/gcc/9/gcc/x86_64-apple-darwin18/9.1.0/include-fixed]
    add: [/Applications/Xcode.app/Contents/Developer/Platforms/MacOSX.platform/Developer/SDKs/MacOSX10.15.sdk/usr/include]
  end of search list found
  collapse include dir [/usr/local/Cellar/open-mpi/4.0.1_1/include] ==> [/usr/local/Cellar/open-mpi/4.0.1_1/include]
  collapse include dir [/usr/local/Cellar/open-mpi/4.0.1_1/lib] ==> [/usr/local/Cellar/open-mpi/4.0.1_1/lib]
  collapse include dir [/usr/local/Cellar/gcc/9.1.0/lib/gcc/9/gcc/x86_64-apple-darwin18/9.1.0/finclude] ==> [/usr/local/Cellar/gcc/9.1.0/lib/gcc/9/gcc/x86_64-apple-darwin18/9.1.0/finclude]
  collapse include dir [/usr/local/Cellar/gcc/9.1.0/lib/gcc/9/gcc/x86_64-apple-darwin18/9.1.0/include] ==> [/usr/local/Cellar/gcc/9.1.0/lib/gcc/9/gcc/x86_64-apple-darwin18/9.1.0/include]
  collapse include dir [/usr/local/Cellar/gcc/9.1.0/lib/gcc/9/gcc/x86_64-apple-darwin18/9.1.0/include-fixed] ==> [/usr/local/Cellar/gcc/9.1.0/lib/gcc/9/gcc/x86_64-apple-darwin18/9.1.0/include-fixed]
  collapse include dir [/Applications/Xcode.app/Contents/Developer/Platforms/MacOSX.platform/Developer/SDKs/MacOSX10.15.sdk/usr/include] ==> [/Applications/Xcode.app/Contents/Developer/Platforms/MacOSX.platform/Developer/SDKs/MacOSX10.15.sdk/usr/include]
  implicit include dirs: [/usr/local/Cellar/open-mpi/4.0.1_1/include;/usr/local/Cellar/open-mpi/4.0.1_1/lib;/usr/local/Cellar/gcc/9.1.0/lib/gcc/9/gcc/x86_64-apple-darwin18/9.1.0/finclude;/usr/local/Cellar/gcc/9.1.0/lib/gcc/9/gcc/x86_64-apple-darwin18/9.1.0/include;/usr/local/Cellar/gcc/9.1.0/lib/gcc/9/gcc/x86_64-apple-darwin18/9.1.0/include-fixed;/Applications/Xcode.app/Contents/Developer/Platforms/MacOSX.platform/Developer/SDKs/MacOSX10.15.sdk/usr/include]


Parsed Fortran implicit link information from above output:
  link line regex: [^( *|.*[/\])(ld|CMAKE_LINK_STARTFILE-NOTFOUND|([^/\]+-)?ld|collect2)[^/\]*( |$)]
  ignore line: [Change Dir: /Users/amaricci/projects_src/CDMFT_LANC_ED/build/CMakeFiles/CMakeTmp]
  ignore line: []
  ignore line: [Run Build Command(s):/usr/local/bin/gmake cmTC_44b35/fast ]
  ignore line: [/usr/local/bin/gmake -f CMakeFiles/cmTC_44b35.dir/build.make CMakeFiles/cmTC_44b35.dir/build]
  ignore line: [gmake[1]: Entering directory '/Users/amaricci/Dropbox/projects_src/CDMFT_LANC_ED/build/CMakeFiles/CMakeTmp']
  ignore line: [Building Fortran object CMakeFiles/cmTC_44b35.dir/CMakeFortranCompilerABI.F.o]
  ignore line: [/usr/local/bin/mpif90   -isysroot /Applications/Xcode.app/Contents/Developer/Platforms/MacOSX.platform/Developer/SDKs/MacOSX10.15.sdk -mmacosx-version-min=10.14   -v -Wl,-v -c /usr/local/Cellar/cmake/3.14.5/share/cmake/Modules/CMakeFortranCompilerABI.F -o CMakeFiles/cmTC_44b35.dir/CMakeFortranCompilerABI.F.o]
  ignore line: [Using built-in specs.]
  ignore line: [COLLECT_GCC=/usr/local/bin/gfortran]
  ignore line: [Target: x86_64-apple-darwin18]
  ignore line: [Configured with: ../configure --build=x86_64-apple-darwin18 --prefix=/usr/local/Cellar/gcc/9.1.0 --libdir=/usr/local/Cellar/gcc/9.1.0/lib/gcc/9 --disable-nls --enable-checking=release --enable-languages=c,c++,objc,obj-c++,fortran --program-suffix=-9 --with-gmp=/usr/local/opt/gmp --with-mpfr=/usr/local/opt/mpfr --with-mpc=/usr/local/opt/libmpc --with-isl=/usr/local/opt/isl --with-system-zlib --with-pkgversion='Homebrew GCC 9.1.0' --with-bugurl=https://github.com/Homebrew/homebrew-core/issues --disable-multilib --with-native-system-header-dir=/usr/include --with-sysroot=/Library/Developer/CommandLineTools/SDKs/MacOSX.sdk]
  ignore line: [Thread model: posix]
  ignore line: [gcc version 9.1.0 (Homebrew GCC 9.1.0) ]
  ignore line: [COLLECT_GCC_OPTIONS='-isysroot' '/Applications/Xcode.app/Contents/Developer/Platforms/MacOSX.platform/Developer/SDKs/MacOSX10.15.sdk' '-mmacosx-version-min=10.14' '-v' '-c' '-o' 'CMakeFiles/cmTC_44b35.dir/CMakeFortranCompilerABI.F.o' '-I' '/usr/local/Cellar/open-mpi/4.0.1_1/include' '-I' '/usr/local/Cellar/open-mpi/4.0.1_1/lib' '-asm_macosx_version_min=10.14' '-mtune=core2']
  ignore line: [ /usr/local/Cellar/gcc/9.1.0/libexec/gcc/x86_64-apple-darwin18/9.1.0/f951 /usr/local/Cellar/cmake/3.14.5/share/cmake/Modules/CMakeFortranCompilerABI.F -ffixed-form -cpp=/var/folders/wt/69bmk6rj53s3hd8d2vdd80jc0000gn/T//ccuByi92.f90 -quiet -v -I /usr/local/Cellar/open-mpi/4.0.1_1/include -I /usr/local/Cellar/open-mpi/4.0.1_1/lib -D__DYNAMIC__ -isysroot /Applications/Xcode.app/Contents/Developer/Platforms/MacOSX.platform/Developer/SDKs/MacOSX10.15.sdk /usr/local/Cellar/cmake/3.14.5/share/cmake/Modules/CMakeFortranCompilerABI.F -fPIC -quiet -dumpbase CMakeFortranCompilerABI.F -mmacosx-version-min=10.14 -mtune=core2 -auxbase-strip CMakeFiles/cmTC_44b35.dir/CMakeFortranCompilerABI.F.o -version -fintrinsic-modules-path /usr/local/Cellar/gcc/9.1.0/lib/gcc/9/gcc/x86_64-apple-darwin18/9.1.0/finclude -o /var/folders/wt/69bmk6rj53s3hd8d2vdd80jc0000gn/T//ccf543tx.s]
  ignore line: [GNU Fortran (Homebrew GCC 9.1.0) version 9.1.0 (x86_64-apple-darwin18)]
  ignore line: [	compiled by GNU C version 9.1.0, GMP version 6.1.2, MPFR version 4.0.2, MPC version 1.1.0, isl version isl-0.21-GMP]
  ignore line: []
  ignore line: [GGC heuristics: --param ggc-min-expand=100 --param ggc-min-heapsize=131072]
  ignore line: [ignoring nonexistent directory "/Applications/Xcode.app/Contents/Developer/Platforms/MacOSX.platform/Developer/SDKs/MacOSX10.15.sdk/usr/local/include"]
  ignore line: [ignoring nonexistent directory "/usr/local/Cellar/gcc/9.1.0/lib/gcc/9/gcc/x86_64-apple-darwin18/9.1.0/../../../../../../x86_64-apple-darwin18/include"]
  ignore line: [#include "..." search starts here:]
  ignore line: [#include <...> search starts here:]
  ignore line: [ /usr/local/Cellar/open-mpi/4.0.1_1/include]
  ignore line: [ /usr/local/Cellar/open-mpi/4.0.1_1/lib]
  ignore line: [ /usr/local/Cellar/gcc/9.1.0/lib/gcc/9/gcc/x86_64-apple-darwin18/9.1.0/finclude]
  ignore line: [ /usr/local/Cellar/gcc/9.1.0/lib/gcc/9/gcc/x86_64-apple-darwin18/9.1.0/include]
  ignore line: [ /usr/local/Cellar/gcc/9.1.0/lib/gcc/9/gcc/x86_64-apple-darwin18/9.1.0/include-fixed]
  ignore line: [ /Applications/Xcode.app/Contents/Developer/Platforms/MacOSX.platform/Developer/SDKs/MacOSX10.15.sdk/usr/include]
  ignore line: [End of search list.]
  ignore line: [GNU Fortran2008 (Homebrew GCC 9.1.0) version 9.1.0 (x86_64-apple-darwin18)]
  ignore line: [	compiled by GNU C version 9.1.0, GMP version 6.1.2, MPFR version 4.0.2, MPC version 1.1.0, isl version isl-0.21-GMP]
  ignore line: []
  ignore line: [GGC heuristics: --param ggc-min-expand=100 --param ggc-min-heapsize=131072]
  ignore line: [COLLECT_GCC_OPTIONS='-isysroot' '/Applications/Xcode.app/Contents/Developer/Platforms/MacOSX.platform/Developer/SDKs/MacOSX10.15.sdk' '-mmacosx-version-min=10.14' '-v' '-c' '-o' 'CMakeFiles/cmTC_44b35.dir/CMakeFortranCompilerABI.F.o' '-I' '/usr/local/Cellar/open-mpi/4.0.1_1/include' '-I' '/usr/local/Cellar/open-mpi/4.0.1_1/lib'  '-mtune=core2']
  ignore line: [ as -arch x86_64 -v -I /usr/local/Cellar/open-mpi/4.0.1_1/include -I /usr/local/Cellar/open-mpi/4.0.1_1/lib -force_cpusubtype_ALL -mmacosx-version-min=10.14 -o CMakeFiles/cmTC_44b35.dir/CMakeFortranCompilerABI.F.o /var/folders/wt/69bmk6rj53s3hd8d2vdd80jc0000gn/T//ccf543tx.s]
  ignore line: [Apple clang version 11.0.0 (clang-1100.0.33.8)]
  ignore line: [Target: x86_64-apple-darwin18.7.0]
  ignore line: [Thread model: posix]
  ignore line: [InstalledDir: /Applications/Xcode.app/Contents/Developer/Toolchains/XcodeDefault.xctoolchain/usr/bin]
  ignore line: [ "/Applications/Xcode.app/Contents/Developer/Toolchains/XcodeDefault.xctoolchain/usr/bin/clang" -cc1as -triple x86_64-apple-macosx10.14.0 -filetype obj -main-file-name ccf543tx.s -target-cpu penryn -I /usr/local/Cellar/open-mpi/4.0.1_1/include -I /usr/local/Cellar/open-mpi/4.0.1_1/lib -fdebug-compilation-dir /Users/amaricci/Dropbox/projects_src/CDMFT_LANC_ED/build/CMakeFiles/CMakeTmp -dwarf-debug-producer Apple clang version 11.0.0 (clang-1100.0.33.8) -I /usr/local/Cellar/open-mpi/4.0.1_1/include -I /usr/local/Cellar/open-mpi/4.0.1_1/lib -dwarf-version=4 -mrelocation-model pic -o CMakeFiles/cmTC_44b35.dir/CMakeFortranCompilerABI.F.o /var/folders/wt/69bmk6rj53s3hd8d2vdd80jc0000gn/T//ccf543tx.s]
  ignore line: [COMPILER_PATH=/usr/local/Cellar/gcc/9.1.0/libexec/gcc/x86_64-apple-darwin18/9.1.0/:/usr/local/Cellar/gcc/9.1.0/libexec/gcc/x86_64-apple-darwin18/9.1.0/:/usr/local/Cellar/gcc/9.1.0/libexec/gcc/x86_64-apple-darwin18/:/usr/local/Cellar/gcc/9.1.0/lib/gcc/9/gcc/x86_64-apple-darwin18/9.1.0/:/usr/local/Cellar/gcc/9.1.0/lib/gcc/9/gcc/x86_64-apple-darwin18/]
  ignore line: [LIBRARY_PATH=/Users/amaricci/opt/dmft_tools/gnu/lib/:/Users/amaricci/opt/scifor/gnu/lib/:/usr/local/Cellar/gcc/9.1.0/lib/gcc/9/gcc/x86_64-apple-darwin18/9.1.0/:/usr/local/Cellar/gcc/9.1.0/lib/gcc/9/gcc/x86_64-apple-darwin18/9.1.0/../../../]
  ignore line: [COLLECT_GCC_OPTIONS='-isysroot' '/Applications/Xcode.app/Contents/Developer/Platforms/MacOSX.platform/Developer/SDKs/MacOSX10.15.sdk' '-mmacosx-version-min=10.14' '-v' '-c' '-o' 'CMakeFiles/cmTC_44b35.dir/CMakeFortranCompilerABI.F.o' '-I' '/usr/local/Cellar/open-mpi/4.0.1_1/include' '-I' '/usr/local/Cellar/open-mpi/4.0.1_1/lib'  '-mtune=core2']
  ignore line: [Linking Fortran executable cmTC_44b35]
  ignore line: [/usr/local/Cellar/cmake/3.14.5/bin/cmake -E cmake_link_script CMakeFiles/cmTC_44b35.dir/link.txt --verbose=1]
  ignore line: [/usr/local/bin/mpif90   -v -Wl,-v   -isysroot /Applications/Xcode.app/Contents/Developer/Platforms/MacOSX.platform/Developer/SDKs/MacOSX10.15.sdk -mmacosx-version-min=10.14 CMakeFiles/cmTC_44b35.dir/CMakeFortranCompilerABI.F.o  -o cmTC_44b35 ]
  ignore line: [Driving: /usr/local/bin/gfortran -v -Wl,-v -isysroot /Applications/Xcode.app/Contents/Developer/Platforms/MacOSX.platform/Developer/SDKs/MacOSX10.15.sdk -mmacosx-version-min=10.14 CMakeFiles/cmTC_44b35.dir/CMakeFortranCompilerABI.F.o -o cmTC_44b35 -I/usr/local/Cellar/open-mpi/4.0.1_1/include -Wl,-flat_namespace -Wl,-commons,use_dylibs -I/usr/local/Cellar/open-mpi/4.0.1_1/lib -L/usr/local/opt/libevent/lib -L/usr/local/Cellar/open-mpi/4.0.1_1/lib -lmpi_usempif08 -lmpi_usempi_ignore_tkr -lmpi_mpifh -lmpi -asm_macosx_version_min=10.14 -l gfortran -shared-libgcc]
  ignore line: [Using built-in specs.]
  ignore line: [COLLECT_GCC=/usr/local/bin/gfortran]
  ignore line: [COLLECT_LTO_WRAPPER=/usr/local/Cellar/gcc/9.1.0/libexec/gcc/x86_64-apple-darwin18/9.1.0/lto-wrapper]
  ignore line: [Target: x86_64-apple-darwin18]
  ignore line: [Configured with: ../configure --build=x86_64-apple-darwin18 --prefix=/usr/local/Cellar/gcc/9.1.0 --libdir=/usr/local/Cellar/gcc/9.1.0/lib/gcc/9 --disable-nls --enable-checking=release --enable-languages=c,c++,objc,obj-c++,fortran --program-suffix=-9 --with-gmp=/usr/local/opt/gmp --with-mpfr=/usr/local/opt/mpfr --with-mpc=/usr/local/opt/libmpc --with-isl=/usr/local/opt/isl --with-system-zlib --with-pkgversion='Homebrew GCC 9.1.0' --with-bugurl=https://github.com/Homebrew/homebrew-core/issues --disable-multilib --with-native-system-header-dir=/usr/include --with-sysroot=/Library/Developer/CommandLineTools/SDKs/MacOSX.sdk]
  ignore line: [Thread model: posix]
  ignore line: [gcc version 9.1.0 (Homebrew GCC 9.1.0) ]
  ignore line: [Reading specs from /usr/local/Cellar/gcc/9.1.0/lib/gcc/9/gcc/x86_64-apple-darwin18/9.1.0/../../../libgfortran.spec]
  ignore line: [rename spec lib to liborig]
  ignore line: [COLLECT_GCC_OPTIONS='-v' '-isysroot' '/Applications/Xcode.app/Contents/Developer/Platforms/MacOSX.platform/Developer/SDKs/MacOSX10.15.sdk' '-mmacosx-version-min=10.14' '-o' 'cmTC_44b35' '-I' '/usr/local/Cellar/open-mpi/4.0.1_1/include' '-I' '/usr/local/Cellar/open-mpi/4.0.1_1/lib' '-L/usr/local/opt/libevent/lib' '-L/usr/local/Cellar/open-mpi/4.0.1_1/lib' '-asm_macosx_version_min=10.14' '-shared-libgcc' '-mtune=core2']
  ignore line: [COMPILER_PATH=/usr/local/Cellar/gcc/9.1.0/libexec/gcc/x86_64-apple-darwin18/9.1.0/:/usr/local/Cellar/gcc/9.1.0/libexec/gcc/x86_64-apple-darwin18/9.1.0/:/usr/local/Cellar/gcc/9.1.0/libexec/gcc/x86_64-apple-darwin18/:/usr/local/Cellar/gcc/9.1.0/lib/gcc/9/gcc/x86_64-apple-darwin18/9.1.0/:/usr/local/Cellar/gcc/9.1.0/lib/gcc/9/gcc/x86_64-apple-darwin18/]
  ignore line: [LIBRARY_PATH=/Users/amaricci/opt/dmft_tools/gnu/lib/:/Users/amaricci/opt/scifor/gnu/lib/:/usr/local/Cellar/gcc/9.1.0/lib/gcc/9/gcc/x86_64-apple-darwin18/9.1.0/:/usr/local/Cellar/gcc/9.1.0/lib/gcc/9/gcc/x86_64-apple-darwin18/9.1.0/../../../]
  ignore line: [COLLECT_GCC_OPTIONS='-v' '-isysroot' '/Applications/Xcode.app/Contents/Developer/Platforms/MacOSX.platform/Developer/SDKs/MacOSX10.15.sdk' '-mmacosx-version-min=10.14' '-o' 'cmTC_44b35' '-I' '/usr/local/Cellar/open-mpi/4.0.1_1/include' '-I' '/usr/local/Cellar/open-mpi/4.0.1_1/lib' '-L/usr/local/opt/libevent/lib' '-L/usr/local/Cellar/open-mpi/4.0.1_1/lib' '-asm_macosx_version_min=10.14' '-shared-libgcc' '-mtune=core2']
  link line: [ /usr/local/Cellar/gcc/9.1.0/libexec/gcc/x86_64-apple-darwin18/9.1.0/collect2 -dynamic -arch x86_64 -macosx_version_min 10.14 -syslibroot /Applications/Xcode.app/Contents/Developer/Platforms/MacOSX.platform/Developer/SDKs/MacOSX10.15.sdk -weak_reference_mismatches non-weak -o cmTC_44b35 -L/usr/local/opt/libevent/lib -L/usr/local/Cellar/open-mpi/4.0.1_1/lib -L/Users/amaricci/opt/dmft_tools/gnu/lib -L/Users/amaricci/opt/scifor/gnu/lib -L/usr/local/Cellar/gcc/9.1.0/lib/gcc/9/gcc/x86_64-apple-darwin18/9.1.0 -L/usr/local/Cellar/gcc/9.1.0/lib/gcc/9/gcc/x86_64-apple-darwin18/9.1.0/../../.. -v CMakeFiles/cmTC_44b35.dir/CMakeFortranCompilerABI.F.o -flat_namespace -commons use_dylibs -lmpi_usempif08 -lmpi_usempi_ignore_tkr -lmpi_mpifh -lmpi -lgfortran -no_compact_unwind -lSystem -lgcc_ext.10.5 -lgcc -lquadmath -lm -lgcc_ext.10.5 -lgcc -lSystem -v]
    arg [/usr/local/Cellar/gcc/9.1.0/libexec/gcc/x86_64-apple-darwin18/9.1.0/collect2] ==> ignore
    arg [-dynamic] ==> ignore
    arg [-arch] ==> ignore
    arg [x86_64] ==> ignore
    arg [-macosx_version_min] ==> ignore
    arg [10.14] ==> ignore
    arg [-syslibroot] ==> ignore
    arg [/Applications/Xcode.app/Contents/Developer/Platforms/MacOSX.platform/Developer/SDKs/MacOSX10.15.sdk] ==> ignore
    arg [-weak_reference_mismatches] ==> ignore
    arg [non-weak] ==> ignore
    arg [-o] ==> ignore
    arg [cmTC_44b35] ==> ignore
    arg [-L/usr/local/opt/libevent/lib] ==> dir [/usr/local/opt/libevent/lib]
    arg [-L/usr/local/Cellar/open-mpi/4.0.1_1/lib] ==> dir [/usr/local/Cellar/open-mpi/4.0.1_1/lib]
    arg [-L/Users/amaricci/opt/dmft_tools/gnu/lib] ==> dir [/Users/amaricci/opt/dmft_tools/gnu/lib]
    arg [-L/Users/amaricci/opt/scifor/gnu/lib] ==> dir [/Users/amaricci/opt/scifor/gnu/lib]
    arg [-L/usr/local/Cellar/gcc/9.1.0/lib/gcc/9/gcc/x86_64-apple-darwin18/9.1.0] ==> dir [/usr/local/Cellar/gcc/9.1.0/lib/gcc/9/gcc/x86_64-apple-darwin18/9.1.0]
    arg [-L/usr/local/Cellar/gcc/9.1.0/lib/gcc/9/gcc/x86_64-apple-darwin18/9.1.0/../../..] ==> dir [/usr/local/Cellar/gcc/9.1.0/lib/gcc/9/gcc/x86_64-apple-darwin18/9.1.0/../../..]
    arg [-v] ==> ignore
    arg [CMakeFiles/cmTC_44b35.dir/CMakeFortranCompilerABI.F.o] ==> ignore
    arg [-flat_namespace] ==> ignore
    arg [-commons] ==> ignore
    arg [use_dylibs] ==> ignore
    arg [-lmpi_usempif08] ==> lib [mpi_usempif08]
    arg [-lmpi_usempi_ignore_tkr] ==> lib [mpi_usempi_ignore_tkr]
    arg [-lmpi_mpifh] ==> lib [mpi_mpifh]
    arg [-lmpi] ==> lib [mpi]
    arg [-lgfortran] ==> lib [gfortran]
    arg [-no_compact_unwind] ==> ignore
    arg [-lSystem] ==> lib [System]
    arg [-lgcc_ext.10.5] ==> lib [gcc_ext.10.5]
    arg [-lgcc] ==> lib [gcc]
    arg [-lquadmath] ==> lib [quadmath]
    arg [-lm] ==> lib [m]
    arg [-lgcc_ext.10.5] ==> lib [gcc_ext.10.5]
    arg [-lgcc] ==> lib [gcc]
    arg [-lSystem] ==> lib [System]
    arg [-v] ==> ignore
  Library search paths: [;/usr/local/opt/libevent/lib;/usr/local/Cellar/open-mpi/4.0.1_1/lib;/Users/amaricci/opt/dmft_tools/gnu/lib;/Users/amaricci/opt/scifor/gnu/lib;/usr/local/Cellar/gcc/9.1.0/lib/gcc/9/gcc/x86_64-apple-darwin18/9.1.0;/usr/local/Cellar/gcc/9.1.0/lib/gcc/9;/Applications/Xcode.app/Contents/Developer/Platforms/MacOSX.platform/Developer/SDKs/MacOSX10.15.sdk/usr/lib]
  Framework search paths: [;/Applications/Xcode.app/Contents/Developer/Platforms/MacOSX.platform/Developer/SDKs/MacOSX10.15.sdk/System/Library/Frameworks/]
  remove lib [System]
  remove lib [System]
  collapse library dir [/usr/local/opt/libevent/lib] ==> [/usr/local/opt/libevent/lib]
  collapse library dir [/usr/local/Cellar/open-mpi/4.0.1_1/lib] ==> [/usr/local/Cellar/open-mpi/4.0.1_1/lib]
  collapse library dir [/Users/amaricci/opt/dmft_tools/gnu/lib] ==> [/Users/amaricci/opt/dmft_tools/gnu/lib]
  collapse library dir [/Users/amaricci/opt/scifor/gnu/lib] ==> [/Users/amaricci/opt/scifor/gnu/lib]
  collapse library dir [/usr/local/Cellar/gcc/9.1.0/lib/gcc/9/gcc/x86_64-apple-darwin18/9.1.0] ==> [/usr/local/Cellar/gcc/9.1.0/lib/gcc/9/gcc/x86_64-apple-darwin18/9.1.0]
  collapse library dir [/usr/local/Cellar/gcc/9.1.0/lib/gcc/9/gcc/x86_64-apple-darwin18/9.1.0/../../..] ==> [/usr/local/Cellar/gcc/9.1.0/lib/gcc/9]
  collapse library dir [/usr/local/opt/libevent/lib] ==> [/usr/local/opt/libevent/lib]
  collapse library dir [/usr/local/Cellar/open-mpi/4.0.1_1/lib] ==> [/usr/local/Cellar/open-mpi/4.0.1_1/lib]
  collapse library dir [/Users/amaricci/opt/dmft_tools/gnu/lib] ==> [/Users/amaricci/opt/dmft_tools/gnu/lib]
  collapse library dir [/Users/amaricci/opt/scifor/gnu/lib] ==> [/Users/amaricci/opt/scifor/gnu/lib]
  collapse library dir [/usr/local/Cellar/gcc/9.1.0/lib/gcc/9/gcc/x86_64-apple-darwin18/9.1.0] ==> [/usr/local/Cellar/gcc/9.1.0/lib/gcc/9/gcc/x86_64-apple-darwin18/9.1.0]
  collapse library dir [/usr/local/Cellar/gcc/9.1.0/lib/gcc/9] ==> [/usr/local/Cellar/gcc/9.1.0/lib/gcc/9]
  collapse library dir [/Applications/Xcode.app/Contents/Developer/Platforms/MacOSX.platform/Developer/SDKs/MacOSX10.15.sdk/usr/lib] ==> [/Applications/Xcode.app/Contents/Developer/Platforms/MacOSX.platform/Developer/SDKs/MacOSX10.15.sdk/usr/lib]
  collapse framework dir [/Applications/Xcode.app/Contents/Developer/Platforms/MacOSX.platform/Developer/SDKs/MacOSX10.15.sdk/System/Library/Frameworks/] ==> [/Applications/Xcode.app/Contents/Developer/Platforms/MacOSX.platform/Developer/SDKs/MacOSX10.15.sdk/System/Library/Frameworks]
  implicit libs: [mpi_usempif08;mpi_usempi_ignore_tkr;mpi_mpifh;mpi;gfortran;gcc_ext.10.5;gcc;quadmath;m;gcc_ext.10.5;gcc]
  implicit dirs: [/usr/local/opt/libevent/lib;/usr/local/Cellar/open-mpi/4.0.1_1/lib;/Users/amaricci/opt/dmft_tools/gnu/lib;/Users/amaricci/opt/scifor/gnu/lib;/usr/local/Cellar/gcc/9.1.0/lib/gcc/9/gcc/x86_64-apple-darwin18/9.1.0;/usr/local/Cellar/gcc/9.1.0/lib/gcc/9;/Applications/Xcode.app/Contents/Developer/Platforms/MacOSX.platform/Developer/SDKs/MacOSX10.15.sdk/usr/lib]
  implicit fwks: [/Applications/Xcode.app/Contents/Developer/Platforms/MacOSX.platform/Developer/SDKs/MacOSX10.15.sdk/System/Library/Frameworks]


Determining if the Fortran compiler supports Fortran 90 passed with the following output:
Change Dir: /Users/amaricci/projects_src/CDMFT_LANC_ED/build/CMakeFiles/CMakeTmp

Run Build Command(s):/usr/local/bin/gmake cmTC_db930/fast 
/usr/local/bin/gmake -f CMakeFiles/cmTC_db930.dir/build.make CMakeFiles/cmTC_db930.dir/build
gmake[1]: Entering directory '/Users/amaricci/Dropbox/projects_src/CDMFT_LANC_ED/build/CMakeFiles/CMakeTmp'
Building Fortran object CMakeFiles/cmTC_db930.dir/testFortranCompilerF90.f90.o
/usr/local/bin/mpif90   -isysroot /Applications/Xcode.app/Contents/Developer/Platforms/MacOSX.platform/Developer/SDKs/MacOSX10.15.sdk -mmacosx-version-min=10.14   -c /Users/amaricci/projects_src/CDMFT_LANC_ED/build/CMakeFiles/CMakeTmp/testFortranCompilerF90.f90 -o CMakeFiles/cmTC_db930.dir/testFortranCompilerF90.f90.o
Linking Fortran executable cmTC_db930
/usr/local/Cellar/cmake/3.14.5/bin/cmake -E cmake_link_script CMakeFiles/cmTC_db930.dir/link.txt --verbose=1
/usr/local/bin/mpif90      -isysroot /Applications/Xcode.app/Contents/Developer/Platforms/MacOSX.platform/Developer/SDKs/MacOSX10.15.sdk -mmacosx-version-min=10.14 CMakeFiles/cmTC_db930.dir/testFortranCompilerF90.f90.o  -o cmTC_db930 
gmake[1]: Leaving directory '/Users/amaricci/Dropbox/projects_src/CDMFT_LANC_ED/build/CMakeFiles/CMakeTmp'


Determining if the Fortran dgemm exists passed with the following output:
Change Dir: /Users/amaricci/projects_src/CDMFT_LANC_ED/build/CMakeFiles/CMakeTmp

Run Build Command(s):/usr/local/bin/gmake cmTC_003a1/fast 
/usr/local/bin/gmake -f CMakeFiles/cmTC_003a1.dir/build.make CMakeFiles/cmTC_003a1.dir/build
gmake[1]: Entering directory '/Users/amaricci/Dropbox/projects_src/CDMFT_LANC_ED/build/CMakeFiles/CMakeTmp'
Building Fortran object CMakeFiles/cmTC_003a1.dir/testFortranCompiler.f.o
/usr/local/bin/mpif90   -isysroot /Applications/Xcode.app/Contents/Developer/Platforms/MacOSX.platform/Developer/SDKs/MacOSX10.15.sdk -mmacosx-version-min=10.14   -c /Users/amaricci/projects_src/CDMFT_LANC_ED/build/CMakeFiles/CMakeTmp/testFortranCompiler.f -o CMakeFiles/cmTC_003a1.dir/testFortranCompiler.f.o
Linking Fortran executable cmTC_003a1
/usr/local/Cellar/cmake/3.14.5/bin/cmake -E cmake_link_script CMakeFiles/cmTC_003a1.dir/link.txt --verbose=1
/usr/local/bin/mpif90      -isysroot /Applications/Xcode.app/Contents/Developer/Platforms/MacOSX.platform/Developer/SDKs/MacOSX10.15.sdk -mmacosx-version-min=10.14 CMakeFiles/cmTC_003a1.dir/testFortranCompiler.f.o  -o cmTC_003a1 -framework Accelerate 
gmake[1]: Leaving directory '/Users/amaricci/Dropbox/projects_src/CDMFT_LANC_ED/build/CMakeFiles/CMakeTmp'


Determining if the Fortran cheev exists passed with the following output:
Change Dir: /Users/amaricci/projects_src/CDMFT_LANC_ED/build/CMakeFiles/CMakeTmp

Run Build Command(s):/usr/local/bin/gmake cmTC_dd41d/fast 
/usr/local/bin/gmake -f CMakeFiles/cmTC_dd41d.dir/build.make CMakeFiles/cmTC_dd41d.dir/build
gmake[1]: Entering directory '/Users/amaricci/Dropbox/projects_src/CDMFT_LANC_ED/build/CMakeFiles/CMakeTmp'
Building Fortran object CMakeFiles/cmTC_dd41d.dir/testFortranCompiler.f.o
/usr/local/bin/mpif90   -isysroot /Applications/Xcode.app/Contents/Developer/Platforms/MacOSX.platform/Developer/SDKs/MacOSX10.15.sdk -mmacosx-version-min=10.14   -c /Users/amaricci/projects_src/CDMFT_LANC_ED/build/CMakeFiles/CMakeTmp/testFortranCompiler.f -o CMakeFiles/cmTC_dd41d.dir/testFortranCompiler.f.o
Linking Fortran executable cmTC_dd41d
/usr/local/Cellar/cmake/3.14.5/bin/cmake -E cmake_link_script CMakeFiles/cmTC_dd41d.dir/link.txt --verbose=1
/usr/local/bin/mpif90      -isysroot /Applications/Xcode.app/Contents/Developer/Platforms/MacOSX.platform/Developer/SDKs/MacOSX10.15.sdk -mmacosx-version-min=10.14 CMakeFiles/cmTC_dd41d.dir/testFortranCompiler.f.o  -o cmTC_dd41d -framework Accelerate -framework Accelerate 
gmake[1]: Leaving directory '/Users/amaricci/Dropbox/projects_src/CDMFT_LANC_ED/build/CMakeFiles/CMakeTmp'


